[info] Log at : 2022/6/7|22:15:11|GMT+0800

[info] Log at : 2022/6/7|22:22:25|GMT+0800

[info] Log at : 2022/6/7|22:22:55|GMT+0800

[info] Log at : 2022/6/8|16:07:32|GMT+0800

[info] Log at : 2022/6/8|16:08:18|GMT+0800

[info] Log at : 2022/6/8|18:11:40|GMT+0800

[info] Log at : 2022/6/8|21:26:07|GMT+0800

[info] Log at : 2022/6/8|21:26:36|GMT+0800

[info] Log at : 2022/6/8|22:17:07|GMT+0800

[info] Log at : 2022/6/12|23:57:48|GMT+0800

[info] Log at : 2022/6/14|21:42:09|GMT+0800

[info] Log at : 2022/6/15|22:04:18|GMT+0800

[info] Log at : 2022/6/22|18:19:31|GMT+0800

[info] Log at : 2022/6/22|18:19:44|GMT+0800

[info] Log at : 2022/7/6|15:43:21|GMT+0800

[info] Log at : 2022/7/6|15:43:31|GMT+0800

[info] Log at : 2022/7/6|19:49:05|GMT+0800

[info] Log at : 2022/7/10|20:38:01|GMT+0800

[info] Log at : 2022/7/10|20:38:06|GMT+0800

[info] Log at : 2022/7/16|21:26:26|GMT+0800

[info] Log at : 2022/7/16|21:26:32|GMT+0800

[info] Log at : 2022/7/17|21:16:44|GMT+0800

[info] Log at : 2022/7/17|21:16:52|GMT+0800

[info] Log at : 2022/7/17|21:45:57|GMT+0800

[info] Log at : 2022/7/18|10:49:13|GMT+0800

[info] Log at : 2022/7/18|10:49:19|GMT+0800

[info] Log at : 2022/7/18|10:50:29|GMT+0800

[info] Log at : 2022/7/18|10:55:33|GMT+0800

[info] Log at : 2022/7/18|11:20:12|GMT+0800

[info] Log at : 2022/7/19|14:10:11|GMT+0800

[info] Log at : 2022/7/19|14:10:14|GMT+0800

[info] Log at : 2022/7/19|14:42:36|GMT+0800

[info] Log at : 2022/7/19|14:42:41|GMT+0800

<<<<<<< HEAD
[info] Log at : 2022/7/19|17:23:25|GMT+0800

[info] Log at : 2022/7/19|17:23:36|GMT+0800

[info] Log at : 2022/7/19|17:23:41|GMT+0800

[info] Log at : 2022/7/19|17:32:03|GMT+0800

[info] Log at : 2022/7/19|17:54:52|GMT+0800

[info] Log at : 2022/7/19|19:54:02|GMT+0800
=======
[info] Log at : 2022/7/19|17:30:38|GMT+0800

[info] project closed: FlyAssistant-f407
[info] Log at : 2022/7/19|17:31:07|GMT+0800

[info] Log at : 2022/7/19|17:31:10|GMT+0800

[info] Log at : 2022/7/20|14:52:14|GMT+0800

[info] project closed: FlyAssistant-f407
[info] Log at : 2022/7/20|14:53:23|GMT+0800
>>>>>>> 57b20dfad476ab000bf0c3d27dba33776fd194e1

[info] Log at : 2022/7/20|19:42:35|GMT+0800

[SyntaxError: Unexpected token < in JSON at position 111
	at JSON.parse (<anonymous>)
	at F.updateCppProperties (c:\Users\26281\.vscode\extensions\cl.keil-assistant-1.7.0\dist\extension.js:1:10911)
	at F.<anonymous> (c:\Users\26281\.vscode\extensions\cl.keil-assistant-1.7.0\dist\extension.js:1:12641)
	at Generator.next (<anonymous>)
	at c:\Users\26281\.vscode\extensions\cl.keil-assistant-1.7.0\dist\extension.js:1:4542
	at new Promise (<anonymous>)
	at r (c:\Users\26281\.vscode\extensions\cl.keil-assistant-1.7.0\dist\extension.js:1:4287)
	at F.load (c:\Users\26281\.vscode\extensions\cl.keil-assistant-1.7.0\dist\extension.js:1:11372)
	at w.<anonymous> (c:\Users\26281\.vscode\extensions\cl.keil-assistant-1.7.0\dist\extension.js:1:8799)
	at Generator.next (<anonymous>)
	at a (c:\Users\26281\.vscode\extensions\cl.keil-assistant-1.7.0\dist\extension.js:1:4344)
	at processTicksAndRejections (node:internal/process/task_queues:96:5)]
[info] Log at : 2022/7/20|23:40:46|GMT+0800

[info] Log at : 2022/7/21|12:54:39|GMT+0800

[info] Log at : 2022/7/21|14:59:07|GMT+0800

[info] Log at : 2022/7/22|10:33:42|GMT+0800

[info] Log at : 2022/7/23|00:12:19|GMT+0800

[info] Log at : 2022/7/23|00:12:24|GMT+0800

[info] Log at : 2022/7/23|02:01:17|GMT+0800

[info] Log at : 2022/7/23|02:10:22|GMT+0800

[info] Log at : 2022/7/23|02:10:26|GMT+0800

[info] Log at : 2022/7/23|08:57:13|GMT+0800

[info] Log at : 2022/7/23|11:48:00|GMT+0800

[info] Log at : 2022/7/23|16:02:49|GMT+0800

[info] Log at : 2022/7/24|11:06:49|GMT+0800

[info] Log at : 2022/7/24|13:49:14|GMT+0800

[info] Log at : 2022/7/24|14:30:04|GMT+0800

[info] Log at : 2022/7/24|14:30:22|GMT+0800

[info] Log at : 2022/7/24|14:33:53|GMT+0800

[info] Log at : 2022/7/24|15:15:45|GMT+0800

[info] Log at : 2022/7/24|15:37:16|GMT+0800

[info] Log at : 2022/7/24|15:41:00|GMT+0800

[info] Log at : 2022/7/24|22:30:58|GMT+0800

[info] Log at : 2022/7/24|22:36:41|GMT+0800

[info] Log at : 2022/7/25|11:58:46|GMT+0800

[info] Log at : 2022/7/25|13:22:27|GMT+0800

[info] Log at : 2022/7/25|14:29:37|GMT+0800

[info] Log at : 2022/7/25|18:03:22|GMT+0800

[info] Log at : 2022/7/25|19:43:01|GMT+0800

[info] Log at : 2022/7/25|20:09:45|GMT+0800

[info] Log at : 2022/7/26|00:58:59|GMT+0800

[info] Log at : 2022/7/26|11:59:54|GMT+0800

[info] Log at : 2022/7/26|15:35:47|GMT+0800

[info] Log at : 2022/7/26|17:01:57|GMT+0800

[info] project closed: FlyAssistant-f407
[info] Log at : 2022/7/26|17:02:16|GMT+0800

[info] Log at : 2022/7/26|20:14:14|GMT+0800

[info] Log at : 2022/7/27|08:49:52|GMT+0800

[info] Log at : 2022/7/27|11:31:15|GMT+0800

[info] Log at : 2022/7/27|12:58:56|GMT+0800

[info] Log at : 2022/7/27|14:10:51|GMT+0800

[info] Log at : 2022/7/27|16:31:45|GMT+0800

[info] Log at : 2022/7/27|21:53:01|GMT+0800

[info] Log at : 2022/7/27|23:05:44|GMT+0800

[info] Log at : 2022/7/27|23:59:11|GMT+0800

[info] Log at : 2022/7/28|02:59:07|GMT+0800

[info] Log at : 2022/7/28|02:59:11|GMT+0800

[info] Log at : 2022/7/28|03:17:00|GMT+0800

[info] Log at : 2022/7/28|03:41:46|GMT+0800

[info] Log at : 2022/7/28|05:58:39|GMT+0800

[info] Log at : 2022/7/28|06:05:43|GMT+0800

[info] Log at : 2022/7/28|06:05:47|GMT+0800

[info] Log at : 2022/7/28|06:46:36|GMT+0800

[info] Log at : 2022/7/28|11:48:26|GMT+0800

[info] Log at : 2022/7/28|15:56:36|GMT+0800

[info] Log at : 2022/7/28|15:56:52|GMT+0800

[info] Log at : 2022/7/28|16:17:49|GMT+0800

[info] Log at : 2022/7/28|19:47:56|GMT+0800

[info] Log at : 2022/7/28|19:48:00|GMT+0800

[info] Log at : 2022/7/28|20:58:48|GMT+0800

[info] Log at : 2022/7/29|05:50:27|GMT+0800

[info] Log at : 2022/7/29|09:55:21|GMT+0800

[info] Log at : 2022/7/29|10:41:49|GMT+0800

[info] Log at : 2022/7/29|13:15:44|GMT+0800

[info] Log at : 2022/7/29|13:15:47|GMT+0800

[info] Log at : 2022/7/29|18:42:55|GMT+0800

[info] Log at : 2022/7/30|11:42:04|GMT+0800

[info] project closed: FlyAssistant-f407
[info] Log at : 2022/7/30|11:45:18|GMT+0800

[info] Log at : 2022/7/30|12:04:31|GMT+0800

[info] Log at : 2022/7/30|12:38:24|GMT+0800

